Success (11):
datatype 3366 {urn:com:appian:types}treeNode "{urn:com:appian:types}treeNode"
content 7261 _a-0000e07f-a897-8000-29b4-01ef9001ef90_55156 "Test Rules"
content 22895 _a-0000e1be-2cd8-8000-29b4-01ef9001ef90_168935 "test_continentCountryStateHierarchy"
content 22887 _a-0000e1be-2cd8-8000-29b4-01ef9001ef90_169030 "test_getAllChildByParentNode"
content 22912 _a-0000e1be-2cd8-8000-29b4-01ef9001ef90_169065 "test_displayHierarchy"
content 22897 _a-0000e1be-2cd8-8000-29b4-01ef9001ef90_169087 "test_addParentIfAllChildSelected"
content 22913 _a-0000e1be-2cd8-8000-29b4-01ef9001ef90_169123 "test_getNodesData"
content 22900 86668ea4-50e2-4339-b1c5-76e0e9024d9f "test_getAllCountriesInAContinent"
content 22902 _a-0000e1be-2cd8-8000-29b4-01ef9001ef90_169143 "test_getAllStatesInACountry"
content 22919 _a-0000e1be-2cd8-8000-29b4-01ef9001ef90_169267 "test_displayGrid"
application 22883 _a-0000e1be-2cd8-8000-29b4-01ef9001ef90_169023 "test app"

Referenced precedents that were not exported (1):
user PrernaS PrernaS

Trace:
2018-12-10 12:14:10.717 DEBUG application 22883 _a-0000e1be-2cd8-8000-29b4-01ef9001ef90_169023 Begin transport.
2018-12-10 12:14:10.718 DEBUG application 22883 _a-0000e1be-2cd8-8000-29b4-01ef9001ef90_169023 Retrieving object data.
2018-12-10 12:14:10.734 DEBUG application 22883 _a-0000e1be-2cd8-8000-29b4-01ef9001ef90_169023 App associated objects: [datatype=[{urn:com:appian:types}treeNode],content=[_a-0000e1be-2cd8-8000-29b4-01ef9001ef90_168935, _a-0000e1be-2cd8-8000-29b4-01ef9001ef90_169030, _a-0000e1be-2cd8-8000-29b4-01ef9001ef90_169065, _a-0000e1be-2cd8-8000-29b4-01ef9001ef90_169087, _a-0000e1be-2cd8-8000-29b4-01ef9001ef90_169123, 86668ea4-50e2-4339-b1c5-76e0e9024d9f, _a-0000e1be-2cd8-8000-29b4-01ef9001ef90_169143, _a-0000e07f-a897-8000-29b4-01ef9001ef90_55156, _a-0000e1be-2cd8-8000-29b4-01ef9001ef90_169267]]
2018-12-10 12:14:10.737 DEBUG application 22883 _a-0000e1be-2cd8-8000-29b4-01ef9001ef90_169023 Invalid associated objects: []
2018-12-10 12:14:10.737 DEBUG application 22883 _a-0000e1be-2cd8-8000-29b4-01ef9001ef90_169023 Adding valid associated objects to be exported: GlobalBindingMap[datatype={{urn:com:appian:types}treeNode=3366},content={_a-0000e1be-2cd8-8000-29b4-01ef9001ef90_168935=22895, _a-0000e1be-2cd8-8000-29b4-01ef9001ef90_169030=22887, _a-0000e1be-2cd8-8000-29b4-01ef9001ef90_169065=22912, _a-0000e1be-2cd8-8000-29b4-01ef9001ef90_169087=22897, _a-0000e1be-2cd8-8000-29b4-01ef9001ef90_169123=22913, 86668ea4-50e2-4339-b1c5-76e0e9024d9f=22900, _a-0000e1be-2cd8-8000-29b4-01ef9001ef90_169143=22902, _a-0000e07f-a897-8000-29b4-01ef9001ef90_55156=7261, _a-0000e1be-2cd8-8000-29b4-01ef9001ef90_169267=22919}]
2018-12-10 12:14:10.738 DEBUG application 22883 _a-0000e1be-2cd8-8000-29b4-01ef9001ef90_169023 Setting uuids of object references.
2018-12-10 12:14:10.743 DEBUG application 22883 _a-0000e1be-2cd8-8000-29b4-01ef9001ef90_169023 Processing reference: Application.forum
2018-12-10 12:14:10.743 DEBUG application 22883 _a-0000e1be-2cd8-8000-29b4-01ef9001ef90_169023 Processing reference: Application.parent
2018-12-10 12:14:10.749 DEBUG application 22883 _a-0000e1be-2cd8-8000-29b4-01ef9001ef90_169023 Processing reference: com.appiancorp.suiteapi.content.ContentRoleMap@302ea7a8[
  ContentRole[name=readers,inherit=false,allowForAll=false]
  ContentRole[name=authors,inherit=false,allowForAll=false]
  ContentRole[name=administrators,inherit=false,allowForAll=false]
  ContentRole[name=denyReaders,inherit=false,allowForAll=false]
  ContentRole[name=denyAuthors,inherit=false,allowForAll=false]
  ContentRole[name=denyAdministrators,inherit=false,allowForAll=false]
  securityVector=1:SEC_PUBLIC=true,SEC_CREATOR_ADMIN=false,SEC_INH_ADMIN=false,SEC_INH_EDITOR=false,SEC_INH_VIEWER=false,SEC_ALL_ADMIN=false,SEC_ALL_EDITOR=false,SEC_ALL_VIEWER=false
]
2018-12-10 12:14:10.749 DEBUG application 22883 _a-0000e1be-2cd8-8000-29b4-01ef9001ef90_169023 Processing reference: ContentRole[name=readers,inherit=false,allowForAll=false]
2018-12-10 12:14:10.749 DEBUG application 22883 _a-0000e1be-2cd8-8000-29b4-01ef9001ef90_169023 Processing reference: ContentRole[name=authors,inherit=false,allowForAll=false]
2018-12-10 12:14:10.749 DEBUG application 22883 _a-0000e1be-2cd8-8000-29b4-01ef9001ef90_169023 Processing reference: ContentRole[name=administrators,inherit=false,allowForAll=false]
2018-12-10 12:14:10.749 DEBUG application 22883 _a-0000e1be-2cd8-8000-29b4-01ef9001ef90_169023 Processing reference: ContentRole[name=denyReaders,inherit=false,allowForAll=false]
2018-12-10 12:14:10.749 DEBUG application 22883 _a-0000e1be-2cd8-8000-29b4-01ef9001ef90_169023 Processing reference: ContentRole[name=denyAuthors,inherit=false,allowForAll=false]
2018-12-10 12:14:10.749 DEBUG application 22883 _a-0000e1be-2cd8-8000-29b4-01ef9001ef90_169023 Processing reference: ContentRole[name=denyAdministrators,inherit=false,allowForAll=false]
2018-12-10 12:14:10.75 DEBUG datatype 3366 {urn:com:appian:types}treeNode Begin transport.
2018-12-10 12:14:10.758 DEBUG datatype 3366 {urn:com:appian:types}treeNode Retrieving object data.
2018-12-10 12:14:10.785 DEBUG datatype 3366 {urn:com:appian:types}treeNode Setting uuids of object references.
2018-12-10 12:14:10.79 DEBUG datatype 3366 {urn:com:appian:types}treeNode Completing produce.
2018-12-10 12:14:10.79 DEBUG datatype 3366 {urn:com:appian:types}treeNode Exporting binary resources.
2018-12-10 12:14:10.79 DEBUG datatype 3366 {urn:com:appian:types}treeNode Serializing object to XML.
2018-12-10 12:14:10.793 DEBUG datatype 3366 {urn:com:appian:types}treeNode Object transported.
2018-12-10 12:14:10.795 DEBUG content 22895 _a-0000e1be-2cd8-8000-29b4-01ef9001ef90_168935 Begin transport.
2018-12-10 12:14:10.796 DEBUG content 22895 _a-0000e1be-2cd8-8000-29b4-01ef9001ef90_168935 Retrieving object data.
2018-12-10 12:14:10.813 DEBUG content 22895 _a-0000e1be-2cd8-8000-29b4-01ef9001ef90_168935 Setting uuids of object references.
2018-12-10 12:14:10.814 DEBUG content 22895 _a-0000e1be-2cd8-8000-29b4-01ef9001ef90_168935 Processing reference: [Content:id=22866,versionId=-1,name=test_continentCountryStateHierarchy,type=32,subtype=1,uuid=_a-0000e1be-2cd8-8000-29b4-01ef9001ef90_168935,parent=7261]
2018-12-10 12:14:10.847 DEBUG content 22895 _a-0000e1be-2cd8-8000-29b4-01ef9001ef90_168935 Processing reference: FreeformRule.forum
2018-12-10 12:14:10.848 DEBUG content 22895 _a-0000e1be-2cd8-8000-29b4-01ef9001ef90_168935 Processing reference: TypedVariable[name=continentCountryStateData,it=3367,v=<null>]
2018-12-10 12:14:10.85 DEBUG content 22895 _a-0000e1be-2cd8-8000-29b4-01ef9001ef90_168935 Processing reference: TypedVariable[name=tree,it=3367,v=<null>]
2018-12-10 12:14:10.85 DEBUG content 22895 _a-0000e1be-2cd8-8000-29b4-01ef9001ef90_168935 Processing reference: TypedVariable[name=selectedValue,it=3367,v=<null>]
2018-12-10 12:14:10.85 DEBUG content 22895 _a-0000e1be-2cd8-8000-29b4-01ef9001ef90_168935 Processing reference: TypedVariable[name=index,it=1,v=<null>]
2018-12-10 12:14:10.85 DEBUG content 22895 _a-0000e1be-2cd8-8000-29b4-01ef9001ef90_168935 Processing reference: TypedVariable[name=parent,it=3367,v=<null>]
2018-12-10 12:14:10.85 DEBUG content 22895 _a-0000e1be-2cd8-8000-29b4-01ef9001ef90_168935 Processing reference: TypedVariable[name=continent,it=3366,v=<null>]
2018-12-10 12:14:10.851 DEBUG content 22895 _a-0000e1be-2cd8-8000-29b4-01ef9001ef90_168935 Processing reference: FreeformRule.parent
2018-12-10 12:14:10.853 DEBUG content 7261 _a-0000e07f-a897-8000-29b4-01ef9001ef90_55156 Begin transport.
2018-12-10 12:14:10.853 DEBUG content 7261 _a-0000e07f-a897-8000-29b4-01ef9001ef90_55156 Retrieving object data.
2018-12-10 12:14:10.862 DEBUG content 7261 _a-0000e07f-a897-8000-29b4-01ef9001ef90_55156 Setting uuids of object references.
2018-12-10 12:14:10.864 DEBUG content 7261 _a-0000e07f-a897-8000-29b4-01ef9001ef90_55156 Processing reference: RulesFolder.forum
2018-12-10 12:14:10.865 DEBUG content 7261 _a-0000e07f-a897-8000-29b4-01ef9001ef90_55156 Processing reference: RulesFolder.parent
2018-12-10 12:14:10.868 DEBUG content 7261 _a-0000e07f-a897-8000-29b4-01ef9001ef90_55156 Processing reference: com.appiancorp.suiteapi.content.ContentRoleMap@27965437[
  ContentRole[name=readers,inherit=false,allowForAll=false]
  ContentRole[name=authors,inherit=false,allowForAll=false]
  ContentRole[name=administrators,inherit=false,allowForAll=false]
  ContentRole[name=denyReaders,inherit=false,allowForAll=false]
  ContentRole[name=denyAuthors,inherit=false,allowForAll=false]
  ContentRole[name=denyAdministrators,inherit=false,allowForAll=false]
  securityVector=1:SEC_PUBLIC=true,SEC_CREATOR_ADMIN=false,SEC_INH_ADMIN=false,SEC_INH_EDITOR=false,SEC_INH_VIEWER=false,SEC_ALL_ADMIN=false,SEC_ALL_EDITOR=false,SEC_ALL_VIEWER=false
]
2018-12-10 12:14:10.868 DEBUG content 7261 _a-0000e07f-a897-8000-29b4-01ef9001ef90_55156 Processing reference: ContentRole[name=readers,inherit=false,allowForAll=false]
2018-12-10 12:14:10.868 DEBUG content 7261 _a-0000e07f-a897-8000-29b4-01ef9001ef90_55156 Processing reference: ContentRole[name=authors,inherit=false,allowForAll=false]
2018-12-10 12:14:10.868 DEBUG content 7261 _a-0000e07f-a897-8000-29b4-01ef9001ef90_55156 Processing reference: ContentRole[name=administrators,inherit=false,allowForAll=false]
2018-12-10 12:14:10.868 DEBUG content 7261 _a-0000e07f-a897-8000-29b4-01ef9001ef90_55156 Processing reference: ContentRole[name=denyReaders,inherit=false,allowForAll=false]
2018-12-10 12:14:10.868 DEBUG content 7261 _a-0000e07f-a897-8000-29b4-01ef9001ef90_55156 Processing reference: ContentRole[name=denyAuthors,inherit=false,allowForAll=false]
2018-12-10 12:14:10.868 DEBUG content 7261 _a-0000e07f-a897-8000-29b4-01ef9001ef90_55156 Processing reference: ContentRole[name=denyAdministrators,inherit=false,allowForAll=false]
2018-12-10 12:14:10.868 DEBUG content 7261 _a-0000e07f-a897-8000-29b4-01ef9001ef90_55156 Completing produce.
2018-12-10 12:14:10.868 DEBUG content 7261 _a-0000e07f-a897-8000-29b4-01ef9001ef90_55156 Exporting binary resources.
2018-12-10 12:14:10.868 DEBUG content 7261 _a-0000e07f-a897-8000-29b4-01ef9001ef90_55156 Serializing object to XML.
2018-12-10 12:14:11.197 DEBUG content 7261 _a-0000e07f-a897-8000-29b4-01ef9001ef90_55156 Object transported.
2018-12-10 12:14:11.197 DEBUG content 22895 _a-0000e1be-2cd8-8000-29b4-01ef9001ef90_168935 Processing reference: com.appiancorp.suiteapi.content.ContentRoleMap@47cce8b1[
  ContentRole[name=readers,inherit=true,allowForAll=false]
  ContentRole[name=authors,inherit=true,allowForAll=false]
  ContentRole[name=administrators,inherit=true,allowForAll=false]
  ContentRole[name=denyReaders,inherit=false,allowForAll=false]
  ContentRole[name=denyAuthors,inherit=false,allowForAll=false]
  ContentRole[name=denyAdministrators,inherit=false,allowForAll=false]
  securityVector=15:SEC_PUBLIC=true,SEC_CREATOR_ADMIN=false,SEC_INH_ADMIN=true,SEC_INH_EDITOR=true,SEC_INH_VIEWER=true,SEC_ALL_ADMIN=false,SEC_ALL_EDITOR=false,SEC_ALL_VIEWER=false
]
2018-12-10 12:14:11.198 DEBUG content 22895 _a-0000e1be-2cd8-8000-29b4-01ef9001ef90_168935 Processing reference: ContentRole[name=readers,inherit=true,allowForAll=false]
2018-12-10 12:14:11.198 DEBUG content 22895 _a-0000e1be-2cd8-8000-29b4-01ef9001ef90_168935 Processing reference: ContentRole[name=authors,inherit=true,allowForAll=false]
2018-12-10 12:14:11.198 DEBUG content 22895 _a-0000e1be-2cd8-8000-29b4-01ef9001ef90_168935 Processing reference: ContentRole[name=administrators,inherit=true,allowForAll=false]
2018-12-10 12:14:11.198 DEBUG content 22895 _a-0000e1be-2cd8-8000-29b4-01ef9001ef90_168935 Processing reference: ContentRole[name=denyReaders,inherit=false,allowForAll=false]
2018-12-10 12:14:11.198 DEBUG content 22895 _a-0000e1be-2cd8-8000-29b4-01ef9001ef90_168935 Processing reference: ContentRole[name=denyAuthors,inherit=false,allowForAll=false]
2018-12-10 12:14:11.198 DEBUG content 22895 _a-0000e1be-2cd8-8000-29b4-01ef9001ef90_168935 Processing reference: ContentRole[name=denyAdministrators,inherit=false,allowForAll=false]
2018-12-10 12:14:11.215 DEBUG content 22895 _a-0000e1be-2cd8-8000-29b4-01ef9001ef90_168935 Completing produce.
2018-12-10 12:14:11.215 DEBUG content 22895 _a-0000e1be-2cd8-8000-29b4-01ef9001ef90_168935 Exporting binary resources.
2018-12-10 12:14:11.215 DEBUG content 22895 _a-0000e1be-2cd8-8000-29b4-01ef9001ef90_168935 Serializing object to XML.
2018-12-10 12:14:11.237 DEBUG content 22895 _a-0000e1be-2cd8-8000-29b4-01ef9001ef90_168935 Object transported.
2018-12-10 12:14:11.237 DEBUG content 22887 _a-0000e1be-2cd8-8000-29b4-01ef9001ef90_169030 Begin transport.
2018-12-10 12:14:11.237 DEBUG content 22887 _a-0000e1be-2cd8-8000-29b4-01ef9001ef90_169030 Retrieving object data.
2018-12-10 12:14:11.25 DEBUG content 22887 _a-0000e1be-2cd8-8000-29b4-01ef9001ef90_169030 Setting uuids of object references.
2018-12-10 12:14:11.25 DEBUG content 22887 _a-0000e1be-2cd8-8000-29b4-01ef9001ef90_169030 Processing reference: [Content:id=22884,versionId=-1,name=test_getAllChildByParentNode,type=32,subtype=1,uuid=_a-0000e1be-2cd8-8000-29b4-01ef9001ef90_169030,parent=7261]
2018-12-10 12:14:11.253 DEBUG content 22887 _a-0000e1be-2cd8-8000-29b4-01ef9001ef90_169030 Processing reference: FreeformRule.forum
2018-12-10 12:14:11.254 DEBUG content 22887 _a-0000e1be-2cd8-8000-29b4-01ef9001ef90_169030 Processing reference: TypedVariable[name=continentCountryStateData,it=3367,v=<null>]
2018-12-10 12:14:11.254 DEBUG content 22887 _a-0000e1be-2cd8-8000-29b4-01ef9001ef90_169030 Processing reference: TypedVariable[name=continent,it=3367,v=<null>]
2018-12-10 12:14:11.255 DEBUG content 22887 _a-0000e1be-2cd8-8000-29b4-01ef9001ef90_169030 Processing reference: TypedVariable[name=childNodes,it=3367,v=<null>]
2018-12-10 12:14:11.255 DEBUG content 22887 _a-0000e1be-2cd8-8000-29b4-01ef9001ef90_169030 Processing reference: FreeformRule.parent
2018-12-10 12:14:11.258 DEBUG content 22887 _a-0000e1be-2cd8-8000-29b4-01ef9001ef90_169030 Processing reference: com.appiancorp.suiteapi.content.ContentRoleMap@371248cc[
  ContentRole[name=readers,inherit=true,allowForAll=false]
  ContentRole[name=authors,inherit=true,allowForAll=false]
  ContentRole[name=administrators,inherit=true,allowForAll=false]
  ContentRole[name=denyReaders,inherit=false,allowForAll=false]
  ContentRole[name=denyAuthors,inherit=false,allowForAll=false]
  ContentRole[name=denyAdministrators,inherit=false,allowForAll=false]
  securityVector=15:SEC_PUBLIC=true,SEC_CREATOR_ADMIN=false,SEC_INH_ADMIN=true,SEC_INH_EDITOR=true,SEC_INH_VIEWER=true,SEC_ALL_ADMIN=false,SEC_ALL_EDITOR=false,SEC_ALL_VIEWER=false
]
2018-12-10 12:14:11.258 DEBUG content 22887 _a-0000e1be-2cd8-8000-29b4-01ef9001ef90_169030 Processing reference: ContentRole[name=readers,inherit=true,allowForAll=false]
2018-12-10 12:14:11.258 DEBUG content 22887 _a-0000e1be-2cd8-8000-29b4-01ef9001ef90_169030 Processing reference: ContentRole[name=authors,inherit=true,allowForAll=false]
2018-12-10 12:14:11.258 DEBUG content 22887 _a-0000e1be-2cd8-8000-29b4-01ef9001ef90_169030 Processing reference: ContentRole[name=administrators,inherit=true,allowForAll=false]
2018-12-10 12:14:11.258 DEBUG content 22887 _a-0000e1be-2cd8-8000-29b4-01ef9001ef90_169030 Processing reference: ContentRole[name=denyReaders,inherit=false,allowForAll=false]
2018-12-10 12:14:11.258 DEBUG content 22887 _a-0000e1be-2cd8-8000-29b4-01ef9001ef90_169030 Processing reference: ContentRole[name=denyAuthors,inherit=false,allowForAll=false]
2018-12-10 12:14:11.258 DEBUG content 22887 _a-0000e1be-2cd8-8000-29b4-01ef9001ef90_169030 Processing reference: ContentRole[name=denyAdministrators,inherit=false,allowForAll=false]
2018-12-10 12:14:11.259 DEBUG content 22887 _a-0000e1be-2cd8-8000-29b4-01ef9001ef90_169030 Completing produce.
2018-12-10 12:14:11.259 DEBUG content 22887 _a-0000e1be-2cd8-8000-29b4-01ef9001ef90_169030 Exporting binary resources.
2018-12-10 12:14:11.259 DEBUG content 22887 _a-0000e1be-2cd8-8000-29b4-01ef9001ef90_169030 Serializing object to XML.
2018-12-10 12:14:11.265 DEBUG content 22887 _a-0000e1be-2cd8-8000-29b4-01ef9001ef90_169030 Object transported.
2018-12-10 12:14:11.265 DEBUG content 22912 _a-0000e1be-2cd8-8000-29b4-01ef9001ef90_169065 Begin transport.
2018-12-10 12:14:11.265 DEBUG content 22912 _a-0000e1be-2cd8-8000-29b4-01ef9001ef90_169065 Retrieving object data.
2018-12-10 12:14:11.286 DEBUG content 22912 _a-0000e1be-2cd8-8000-29b4-01ef9001ef90_169065 Setting uuids of object references.
2018-12-10 12:14:11.286 DEBUG content 22912 _a-0000e1be-2cd8-8000-29b4-01ef9001ef90_169065 Processing reference: [Content:id=22889,versionId=-1,name=test_displayHierarchy,type=32,subtype=1,uuid=_a-0000e1be-2cd8-8000-29b4-01ef9001ef90_169065,parent=7261]
2018-12-10 12:14:11.289 DEBUG content 22912 _a-0000e1be-2cd8-8000-29b4-01ef9001ef90_169065 Processing reference: FreeformRule.forum
2018-12-10 12:14:11.29 DEBUG content 22912 _a-0000e1be-2cd8-8000-29b4-01ef9001ef90_169065 Processing reference: TypedVariable[name=continentCountryStateData,it=3367,v=<null>]
2018-12-10 12:14:11.29 DEBUG content 22912 _a-0000e1be-2cd8-8000-29b4-01ef9001ef90_169065 Processing reference: TypedVariable[name=tree,it=3367,v=<null>]
2018-12-10 12:14:11.29 DEBUG content 22912 _a-0000e1be-2cd8-8000-29b4-01ef9001ef90_169065 Processing reference: TypedVariable[name=selectedValue,it=3367,v=<null>]
2018-12-10 12:14:11.29 DEBUG content 22912 _a-0000e1be-2cd8-8000-29b4-01ef9001ef90_169065 Processing reference: FreeformRule.parent
2018-12-10 12:14:11.293 DEBUG content 22912 _a-0000e1be-2cd8-8000-29b4-01ef9001ef90_169065 Processing reference: com.appiancorp.suiteapi.content.ContentRoleMap@64be60d6[
  ContentRole[name=readers,inherit=true,allowForAll=false]
  ContentRole[name=authors,inherit=true,allowForAll=false]
  ContentRole[name=administrators,usernames=[PrernaS],inherit=true,allowForAll=false]
  ContentRole[name=denyReaders,inherit=false,allowForAll=false]
  ContentRole[name=denyAuthors,inherit=false,allowForAll=false]
  ContentRole[name=denyAdministrators,inherit=false,allowForAll=false]
  securityVector=143:SEC_PUBLIC=true,SEC_CREATOR_ADMIN=true,SEC_INH_ADMIN=true,SEC_INH_EDITOR=true,SEC_INH_VIEWER=true,SEC_ALL_ADMIN=false,SEC_ALL_EDITOR=false,SEC_ALL_VIEWER=false
]
2018-12-10 12:14:11.293 DEBUG content 22912 _a-0000e1be-2cd8-8000-29b4-01ef9001ef90_169065 Processing reference: ContentRole[name=readers,inherit=true,allowForAll=false]
2018-12-10 12:14:11.293 DEBUG content 22912 _a-0000e1be-2cd8-8000-29b4-01ef9001ef90_169065 Processing reference: ContentRole[name=authors,inherit=true,allowForAll=false]
2018-12-10 12:14:11.293 DEBUG content 22912 _a-0000e1be-2cd8-8000-29b4-01ef9001ef90_169065 Processing reference: ContentRole[name=administrators,usernames=[PrernaS],inherit=true,allowForAll=false]
2018-12-10 12:14:11.294 DEBUG content 22912 _a-0000e1be-2cd8-8000-29b4-01ef9001ef90_169065 Processing reference: ContentRole[name=denyReaders,inherit=false,allowForAll=false]
2018-12-10 12:14:11.294 DEBUG content 22912 _a-0000e1be-2cd8-8000-29b4-01ef9001ef90_169065 Processing reference: ContentRole[name=denyAuthors,inherit=false,allowForAll=false]
2018-12-10 12:14:11.294 DEBUG content 22912 _a-0000e1be-2cd8-8000-29b4-01ef9001ef90_169065 Processing reference: ContentRole[name=denyAdministrators,inherit=false,allowForAll=false]
2018-12-10 12:14:11.297 DEBUG content 22912 _a-0000e1be-2cd8-8000-29b4-01ef9001ef90_169065 Completing produce.
2018-12-10 12:14:11.297 DEBUG content 22912 _a-0000e1be-2cd8-8000-29b4-01ef9001ef90_169065 Exporting binary resources.
2018-12-10 12:14:11.297 DEBUG content 22912 _a-0000e1be-2cd8-8000-29b4-01ef9001ef90_169065 Serializing object to XML.
2018-12-10 12:14:11.304 DEBUG content 22912 _a-0000e1be-2cd8-8000-29b4-01ef9001ef90_169065 Object transported.
2018-12-10 12:14:11.304 DEBUG content 22897 _a-0000e1be-2cd8-8000-29b4-01ef9001ef90_169087 Begin transport.
2018-12-10 12:14:11.304 DEBUG content 22897 _a-0000e1be-2cd8-8000-29b4-01ef9001ef90_169087 Retrieving object data.
2018-12-10 12:14:11.318 DEBUG content 22897 _a-0000e1be-2cd8-8000-29b4-01ef9001ef90_169087 Setting uuids of object references.
2018-12-10 12:14:11.318 DEBUG content 22897 _a-0000e1be-2cd8-8000-29b4-01ef9001ef90_169087 Processing reference: [Content:id=22893,versionId=-1,name=test_addParentIfAllChildSelected,type=32,subtype=1,uuid=_a-0000e1be-2cd8-8000-29b4-01ef9001ef90_169087,parent=7261]
2018-12-10 12:14:11.322 DEBUG content 22897 _a-0000e1be-2cd8-8000-29b4-01ef9001ef90_169087 Processing reference: FreeformRule.forum
2018-12-10 12:14:11.322 DEBUG content 22897 _a-0000e1be-2cd8-8000-29b4-01ef9001ef90_169087 Processing reference: TypedVariable[name=continentCountryStateData,it=3367,v=<null>]
2018-12-10 12:14:11.322 DEBUG content 22897 _a-0000e1be-2cd8-8000-29b4-01ef9001ef90_169087 Processing reference: TypedVariable[name=continent,it=3367,v=<null>]
2018-12-10 12:14:11.323 DEBUG content 22897 _a-0000e1be-2cd8-8000-29b4-01ef9001ef90_169087 Processing reference: TypedVariable[name=parentNodes,it=3367,v=<null>]
2018-12-10 12:14:11.323 DEBUG content 22897 _a-0000e1be-2cd8-8000-29b4-01ef9001ef90_169087 Processing reference: TypedVariable[name=selectedValues,it=3367,v=<null>]
2018-12-10 12:14:11.324 DEBUG content 22897 _a-0000e1be-2cd8-8000-29b4-01ef9001ef90_169087 Processing reference: FreeformRule.parent
2018-12-10 12:14:11.327 DEBUG content 22897 _a-0000e1be-2cd8-8000-29b4-01ef9001ef90_169087 Processing reference: com.appiancorp.suiteapi.content.ContentRoleMap@3628bb2d[
  ContentRole[name=readers,inherit=true,allowForAll=false]
  ContentRole[name=authors,inherit=true,allowForAll=false]
  ContentRole[name=administrators,inherit=true,allowForAll=false]
  ContentRole[name=denyReaders,inherit=false,allowForAll=false]
  ContentRole[name=denyAuthors,inherit=false,allowForAll=false]
  ContentRole[name=denyAdministrators,inherit=false,allowForAll=false]
  securityVector=15:SEC_PUBLIC=true,SEC_CREATOR_ADMIN=false,SEC_INH_ADMIN=true,SEC_INH_EDITOR=true,SEC_INH_VIEWER=true,SEC_ALL_ADMIN=false,SEC_ALL_EDITOR=false,SEC_ALL_VIEWER=false
]
2018-12-10 12:14:11.327 DEBUG content 22897 _a-0000e1be-2cd8-8000-29b4-01ef9001ef90_169087 Processing reference: ContentRole[name=readers,inherit=true,allowForAll=false]
2018-12-10 12:14:11.327 DEBUG content 22897 _a-0000e1be-2cd8-8000-29b4-01ef9001ef90_169087 Processing reference: ContentRole[name=authors,inherit=true,allowForAll=false]
2018-12-10 12:14:11.327 DEBUG content 22897 _a-0000e1be-2cd8-8000-29b4-01ef9001ef90_169087 Processing reference: ContentRole[name=administrators,inherit=true,allowForAll=false]
2018-12-10 12:14:11.327 DEBUG content 22897 _a-0000e1be-2cd8-8000-29b4-01ef9001ef90_169087 Processing reference: ContentRole[name=denyReaders,inherit=false,allowForAll=false]
2018-12-10 12:14:11.327 DEBUG content 22897 _a-0000e1be-2cd8-8000-29b4-01ef9001ef90_169087 Processing reference: ContentRole[name=denyAuthors,inherit=false,allowForAll=false]
2018-12-10 12:14:11.327 DEBUG content 22897 _a-0000e1be-2cd8-8000-29b4-01ef9001ef90_169087 Processing reference: ContentRole[name=denyAdministrators,inherit=false,allowForAll=false]
2018-12-10 12:14:11.331 DEBUG content 22897 _a-0000e1be-2cd8-8000-29b4-01ef9001ef90_169087 Completing produce.
2018-12-10 12:14:11.331 DEBUG content 22897 _a-0000e1be-2cd8-8000-29b4-01ef9001ef90_169087 Exporting binary resources.
2018-12-10 12:14:11.331 DEBUG content 22897 _a-0000e1be-2cd8-8000-29b4-01ef9001ef90_169087 Serializing object to XML.
2018-12-10 12:14:11.339 DEBUG content 22897 _a-0000e1be-2cd8-8000-29b4-01ef9001ef90_169087 Object transported.
2018-12-10 12:14:11.339 DEBUG content 22913 _a-0000e1be-2cd8-8000-29b4-01ef9001ef90_169123 Begin transport.
2018-12-10 12:14:11.339 DEBUG content 22913 _a-0000e1be-2cd8-8000-29b4-01ef9001ef90_169123 Retrieving object data.
2018-12-10 12:14:11.353 DEBUG content 22913 _a-0000e1be-2cd8-8000-29b4-01ef9001ef90_169123 Setting uuids of object references.
2018-12-10 12:14:11.353 DEBUG content 22913 _a-0000e1be-2cd8-8000-29b4-01ef9001ef90_169123 Processing reference: [Content:id=22898,versionId=-1,name=test_getNodesData,type=32,subtype=1,uuid=_a-0000e1be-2cd8-8000-29b4-01ef9001ef90_169123,parent=7261]
2018-12-10 12:14:11.374 DEBUG content 22913 _a-0000e1be-2cd8-8000-29b4-01ef9001ef90_169123 Processing reference: FreeformRule.forum
2018-12-10 12:14:11.375 DEBUG content 22913 _a-0000e1be-2cd8-8000-29b4-01ef9001ef90_169123 Processing reference: FreeformRule.parent
2018-12-10 12:14:11.378 DEBUG content 22913 _a-0000e1be-2cd8-8000-29b4-01ef9001ef90_169123 Processing reference: com.appiancorp.suiteapi.content.ContentRoleMap@7b0e920[
  ContentRole[name=readers,inherit=true,allowForAll=false]
  ContentRole[name=authors,inherit=true,allowForAll=false]
  ContentRole[name=administrators,inherit=true,allowForAll=false]
  ContentRole[name=denyReaders,inherit=false,allowForAll=false]
  ContentRole[name=denyAuthors,inherit=false,allowForAll=false]
  ContentRole[name=denyAdministrators,inherit=false,allowForAll=false]
  securityVector=15:SEC_PUBLIC=true,SEC_CREATOR_ADMIN=false,SEC_INH_ADMIN=true,SEC_INH_EDITOR=true,SEC_INH_VIEWER=true,SEC_ALL_ADMIN=false,SEC_ALL_EDITOR=false,SEC_ALL_VIEWER=false
]
2018-12-10 12:14:11.378 DEBUG content 22913 _a-0000e1be-2cd8-8000-29b4-01ef9001ef90_169123 Processing reference: ContentRole[name=readers,inherit=true,allowForAll=false]
2018-12-10 12:14:11.378 DEBUG content 22913 _a-0000e1be-2cd8-8000-29b4-01ef9001ef90_169123 Processing reference: ContentRole[name=authors,inherit=true,allowForAll=false]
2018-12-10 12:14:11.378 DEBUG content 22913 _a-0000e1be-2cd8-8000-29b4-01ef9001ef90_169123 Processing reference: ContentRole[name=administrators,inherit=true,allowForAll=false]
2018-12-10 12:14:11.378 DEBUG content 22913 _a-0000e1be-2cd8-8000-29b4-01ef9001ef90_169123 Processing reference: ContentRole[name=denyReaders,inherit=false,allowForAll=false]
2018-12-10 12:14:11.378 DEBUG content 22913 _a-0000e1be-2cd8-8000-29b4-01ef9001ef90_169123 Processing reference: ContentRole[name=denyAuthors,inherit=false,allowForAll=false]
2018-12-10 12:14:11.378 DEBUG content 22913 _a-0000e1be-2cd8-8000-29b4-01ef9001ef90_169123 Processing reference: ContentRole[name=denyAdministrators,inherit=false,allowForAll=false]
2018-12-10 12:14:11.378 DEBUG content 22913 _a-0000e1be-2cd8-8000-29b4-01ef9001ef90_169123 Completing produce.
2018-12-10 12:14:11.378 DEBUG content 22913 _a-0000e1be-2cd8-8000-29b4-01ef9001ef90_169123 Exporting binary resources.
2018-12-10 12:14:11.378 DEBUG content 22913 _a-0000e1be-2cd8-8000-29b4-01ef9001ef90_169123 Serializing object to XML.
2018-12-10 12:14:11.384 DEBUG content 22913 _a-0000e1be-2cd8-8000-29b4-01ef9001ef90_169123 Object transported.
2018-12-10 12:14:11.384 DEBUG content 22900 86668ea4-50e2-4339-b1c5-76e0e9024d9f Begin transport.
2018-12-10 12:14:11.384 DEBUG content 22900 86668ea4-50e2-4339-b1c5-76e0e9024d9f Retrieving object data.
2018-12-10 12:14:11.399 DEBUG content 22900 86668ea4-50e2-4339-b1c5-76e0e9024d9f Setting uuids of object references.
2018-12-10 12:14:11.399 DEBUG content 22900 86668ea4-50e2-4339-b1c5-76e0e9024d9f Processing reference: [Content:id=22899,versionId=-1,name=test_getAllCountriesInAContinent,type=32,subtype=5,uuid=86668ea4-50e2-4339-b1c5-76e0e9024d9f,parent=7261]
2018-12-10 12:14:11.402 DEBUG content 22900 86668ea4-50e2-4339-b1c5-76e0e9024d9f Processing reference: OutboundIntegration.configParametersForJaxb
2018-12-10 12:14:11.404 DEBUG content 22900 86668ea4-50e2-4339-b1c5-76e0e9024d9f Processing reference: OutboundIntegration.forum
2018-12-10 12:14:11.407 DEBUG content 22900 86668ea4-50e2-4339-b1c5-76e0e9024d9f Processing reference: OutboundIntegration.integrationOutputsAsTypedValue
2018-12-10 12:14:11.407 DEBUG content 22900 86668ea4-50e2-4339-b1c5-76e0e9024d9f Processing reference: TypedVariable[name=continentId,it=1,v=<null>]
2018-12-10 12:14:11.407 DEBUG content 22900 86668ea4-50e2-4339-b1c5-76e0e9024d9f Processing reference: OutboundIntegration.parent
2018-12-10 12:14:11.411 DEBUG content 22900 86668ea4-50e2-4339-b1c5-76e0e9024d9f Processing reference: OutboundIntegration.sharedConfigParameters
2018-12-10 12:14:11.411 DEBUG content 22900 86668ea4-50e2-4339-b1c5-76e0e9024d9f Processing reference: com.appiancorp.suiteapi.content.ContentRoleMap@221919ea[
  ContentRole[name=readers,inherit=true,allowForAll=false]
  ContentRole[name=authors,inherit=true,allowForAll=false]
  ContentRole[name=administrators,inherit=true,allowForAll=false]
  ContentRole[name=denyReaders,inherit=false,allowForAll=false]
  ContentRole[name=denyAuthors,inherit=false,allowForAll=false]
  ContentRole[name=denyAdministrators,inherit=false,allowForAll=false]
  securityVector=15:SEC_PUBLIC=true,SEC_CREATOR_ADMIN=false,SEC_INH_ADMIN=true,SEC_INH_EDITOR=true,SEC_INH_VIEWER=true,SEC_ALL_ADMIN=false,SEC_ALL_EDITOR=false,SEC_ALL_VIEWER=false
]
2018-12-10 12:14:11.411 DEBUG content 22900 86668ea4-50e2-4339-b1c5-76e0e9024d9f Processing reference: ContentRole[name=readers,inherit=true,allowForAll=false]
2018-12-10 12:14:11.411 DEBUG content 22900 86668ea4-50e2-4339-b1c5-76e0e9024d9f Processing reference: ContentRole[name=authors,inherit=true,allowForAll=false]
2018-12-10 12:14:11.411 DEBUG content 22900 86668ea4-50e2-4339-b1c5-76e0e9024d9f Processing reference: ContentRole[name=administrators,inherit=true,allowForAll=false]
2018-12-10 12:14:11.411 DEBUG content 22900 86668ea4-50e2-4339-b1c5-76e0e9024d9f Processing reference: ContentRole[name=denyReaders,inherit=false,allowForAll=false]
2018-12-10 12:14:11.411 DEBUG content 22900 86668ea4-50e2-4339-b1c5-76e0e9024d9f Processing reference: ContentRole[name=denyAuthors,inherit=false,allowForAll=false]
2018-12-10 12:14:11.411 DEBUG content 22900 86668ea4-50e2-4339-b1c5-76e0e9024d9f Processing reference: ContentRole[name=denyAdministrators,inherit=false,allowForAll=false]
2018-12-10 12:14:11.428 DEBUG content 22900 86668ea4-50e2-4339-b1c5-76e0e9024d9f Completing produce.
2018-12-10 12:14:11.428 DEBUG content 22900 86668ea4-50e2-4339-b1c5-76e0e9024d9f Exporting binary resources.
2018-12-10 12:14:11.428 DEBUG content 22900 86668ea4-50e2-4339-b1c5-76e0e9024d9f Serializing object to XML.
2018-12-10 12:14:11.447 DEBUG content 22900 86668ea4-50e2-4339-b1c5-76e0e9024d9f Object transported.
2018-12-10 12:14:11.447 DEBUG content 22902 _a-0000e1be-2cd8-8000-29b4-01ef9001ef90_169143 Begin transport.
2018-12-10 12:14:11.447 DEBUG content 22902 _a-0000e1be-2cd8-8000-29b4-01ef9001ef90_169143 Retrieving object data.
2018-12-10 12:14:11.464 DEBUG content 22902 _a-0000e1be-2cd8-8000-29b4-01ef9001ef90_169143 Setting uuids of object references.
2018-12-10 12:14:11.464 DEBUG content 22902 _a-0000e1be-2cd8-8000-29b4-01ef9001ef90_169143 Processing reference: [Content:id=22901,versionId=-1,name=test_getAllStatesInACountry,type=32,subtype=5,uuid=_a-0000e1be-2cd8-8000-29b4-01ef9001ef90_169143,parent=7261]
2018-12-10 12:14:11.465 DEBUG content 22902 _a-0000e1be-2cd8-8000-29b4-01ef9001ef90_169143 Processing reference: OutboundIntegration.configParametersForJaxb
2018-12-10 12:14:11.465 DEBUG content 22902 _a-0000e1be-2cd8-8000-29b4-01ef9001ef90_169143 Processing reference: OutboundIntegration.forum
2018-12-10 12:14:11.465 DEBUG content 22902 _a-0000e1be-2cd8-8000-29b4-01ef9001ef90_169143 Processing reference: OutboundIntegration.integrationOutputsAsTypedValue
2018-12-10 12:14:11.466 DEBUG content 22902 _a-0000e1be-2cd8-8000-29b4-01ef9001ef90_169143 Processing reference: TypedVariable[name=countryCode,it=3,v=]
2018-12-10 12:14:11.466 DEBUG content 22902 _a-0000e1be-2cd8-8000-29b4-01ef9001ef90_169143 Processing reference: OutboundIntegration.parent
2018-12-10 12:14:11.469 DEBUG content 22902 _a-0000e1be-2cd8-8000-29b4-01ef9001ef90_169143 Processing reference: OutboundIntegration.sharedConfigParameters
2018-12-10 12:14:11.47 DEBUG content 22902 _a-0000e1be-2cd8-8000-29b4-01ef9001ef90_169143 Processing reference: com.appiancorp.suiteapi.content.ContentRoleMap@3e3c2c40[
  ContentRole[name=readers,inherit=true,allowForAll=false]
  ContentRole[name=authors,inherit=true,allowForAll=false]
  ContentRole[name=administrators,inherit=true,allowForAll=false]
  ContentRole[name=denyReaders,inherit=false,allowForAll=false]
  ContentRole[name=denyAuthors,inherit=false,allowForAll=false]
  ContentRole[name=denyAdministrators,inherit=false,allowForAll=false]
  securityVector=15:SEC_PUBLIC=true,SEC_CREATOR_ADMIN=false,SEC_INH_ADMIN=true,SEC_INH_EDITOR=true,SEC_INH_VIEWER=true,SEC_ALL_ADMIN=false,SEC_ALL_EDITOR=false,SEC_ALL_VIEWER=false
]
2018-12-10 12:14:11.47 DEBUG content 22902 _a-0000e1be-2cd8-8000-29b4-01ef9001ef90_169143 Processing reference: ContentRole[name=readers,inherit=true,allowForAll=false]
2018-12-10 12:14:11.47 DEBUG content 22902 _a-0000e1be-2cd8-8000-29b4-01ef9001ef90_169143 Processing reference: ContentRole[name=authors,inherit=true,allowForAll=false]
2018-12-10 12:14:11.47 DEBUG content 22902 _a-0000e1be-2cd8-8000-29b4-01ef9001ef90_169143 Processing reference: ContentRole[name=administrators,inherit=true,allowForAll=false]
2018-12-10 12:14:11.47 DEBUG content 22902 _a-0000e1be-2cd8-8000-29b4-01ef9001ef90_169143 Processing reference: ContentRole[name=denyReaders,inherit=false,allowForAll=false]
2018-12-10 12:14:11.47 DEBUG content 22902 _a-0000e1be-2cd8-8000-29b4-01ef9001ef90_169143 Processing reference: ContentRole[name=denyAuthors,inherit=false,allowForAll=false]
2018-12-10 12:14:11.47 DEBUG content 22902 _a-0000e1be-2cd8-8000-29b4-01ef9001ef90_169143 Processing reference: ContentRole[name=denyAdministrators,inherit=false,allowForAll=false]
2018-12-10 12:14:11.471 DEBUG content 22902 _a-0000e1be-2cd8-8000-29b4-01ef9001ef90_169143 Completing produce.
2018-12-10 12:14:11.471 DEBUG content 22902 _a-0000e1be-2cd8-8000-29b4-01ef9001ef90_169143 Exporting binary resources.
2018-12-10 12:14:11.471 DEBUG content 22902 _a-0000e1be-2cd8-8000-29b4-01ef9001ef90_169143 Serializing object to XML.
2018-12-10 12:14:11.487 DEBUG content 22902 _a-0000e1be-2cd8-8000-29b4-01ef9001ef90_169143 Object transported.
2018-12-10 12:14:11.487 DEBUG content 22919 _a-0000e1be-2cd8-8000-29b4-01ef9001ef90_169267 Begin transport.
2018-12-10 12:14:11.487 DEBUG content 22919 _a-0000e1be-2cd8-8000-29b4-01ef9001ef90_169267 Retrieving object data.
2018-12-10 12:14:11.499 DEBUG content 22919 _a-0000e1be-2cd8-8000-29b4-01ef9001ef90_169267 Setting uuids of object references.
2018-12-10 12:14:11.499 DEBUG content 22919 _a-0000e1be-2cd8-8000-29b4-01ef9001ef90_169267 Processing reference: [Content:id=22916,versionId=-1,name=test_displayGrid,type=32,subtype=1,uuid=_a-0000e1be-2cd8-8000-29b4-01ef9001ef90_169267,parent=7261]
2018-12-10 12:14:11.504 DEBUG content 22919 _a-0000e1be-2cd8-8000-29b4-01ef9001ef90_169267 Processing reference: FreeformRule.forum
2018-12-10 12:14:11.505 DEBUG content 22919 _a-0000e1be-2cd8-8000-29b4-01ef9001ef90_169267 Processing reference: FreeformRule.parent
2018-12-10 12:14:11.508 DEBUG content 22919 _a-0000e1be-2cd8-8000-29b4-01ef9001ef90_169267 Processing reference: com.appiancorp.suiteapi.content.ContentRoleMap@5d7364e1[
  ContentRole[name=readers,inherit=true,allowForAll=false]
  ContentRole[name=authors,inherit=true,allowForAll=false]
  ContentRole[name=administrators,inherit=true,allowForAll=false]
  ContentRole[name=denyReaders,inherit=false,allowForAll=false]
  ContentRole[name=denyAuthors,inherit=false,allowForAll=false]
  ContentRole[name=denyAdministrators,inherit=false,allowForAll=false]
  securityVector=15:SEC_PUBLIC=true,SEC_CREATOR_ADMIN=false,SEC_INH_ADMIN=true,SEC_INH_EDITOR=true,SEC_INH_VIEWER=true,SEC_ALL_ADMIN=false,SEC_ALL_EDITOR=false,SEC_ALL_VIEWER=false
]
2018-12-10 12:14:11.508 DEBUG content 22919 _a-0000e1be-2cd8-8000-29b4-01ef9001ef90_169267 Processing reference: ContentRole[name=readers,inherit=true,allowForAll=false]
2018-12-10 12:14:11.508 DEBUG content 22919 _a-0000e1be-2cd8-8000-29b4-01ef9001ef90_169267 Processing reference: ContentRole[name=authors,inherit=true,allowForAll=false]
2018-12-10 12:14:11.508 DEBUG content 22919 _a-0000e1be-2cd8-8000-29b4-01ef9001ef90_169267 Processing reference: ContentRole[name=administrators,inherit=true,allowForAll=false]
2018-12-10 12:14:11.508 DEBUG content 22919 _a-0000e1be-2cd8-8000-29b4-01ef9001ef90_169267 Processing reference: ContentRole[name=denyReaders,inherit=false,allowForAll=false]
2018-12-10 12:14:11.508 DEBUG content 22919 _a-0000e1be-2cd8-8000-29b4-01ef9001ef90_169267 Processing reference: ContentRole[name=denyAuthors,inherit=false,allowForAll=false]
2018-12-10 12:14:11.508 DEBUG content 22919 _a-0000e1be-2cd8-8000-29b4-01ef9001ef90_169267 Processing reference: ContentRole[name=denyAdministrators,inherit=false,allowForAll=false]
2018-12-10 12:14:11.509 DEBUG content 22919 _a-0000e1be-2cd8-8000-29b4-01ef9001ef90_169267 Completing produce.
2018-12-10 12:14:11.509 DEBUG content 22919 _a-0000e1be-2cd8-8000-29b4-01ef9001ef90_169267 Exporting binary resources.
2018-12-10 12:14:11.509 DEBUG content 22919 _a-0000e1be-2cd8-8000-29b4-01ef9001ef90_169267 Serializing object to XML.
2018-12-10 12:14:11.51 DEBUG content 22919 _a-0000e1be-2cd8-8000-29b4-01ef9001ef90_169267 Object transported.
2018-12-10 12:14:11.51 DEBUG application 22883 _a-0000e1be-2cd8-8000-29b4-01ef9001ef90_169023 Completing produce.
2018-12-10 12:14:11.51 DEBUG application 22883 _a-0000e1be-2cd8-8000-29b4-01ef9001ef90_169023 Exporting binary resources.
2018-12-10 12:14:11.51 DEBUG application 22883 _a-0000e1be-2cd8-8000-29b4-01ef9001ef90_169023 Serializing object to XML.
2018-12-10 12:14:11.511 DEBUG application 22883 _a-0000e1be-2cd8-8000-29b4-01ef9001ef90_169023 Object transported.
